#
# There is insufficient memory for the Java Runtime Environment to continue.
# Native memory allocation (malloc) failed to allocate 156112 bytes for Chunk::new
# Possible reasons:
#   The system is out of physical RAM or swap space
#   In 32 bit mode, the process size limit was hit
# Possible solutions:
#   Reduce memory load on the system
#   Increase physical memory or swap space
#   Check if swap backing store is full
#   Use 64 bit Java on a 64 bit OS
#   Decrease Java heap size (-Xmx/-Xms)
#   Decrease number of Java threads
#   Decrease Java thread stack sizes (-Xss)
#   Set larger code cache with -XX:ReservedCodeCacheSize=
# This output file may be truncated or incomplete.
#
#  Out of Memory Error (allocation.cpp:323), pid=6180, tid=2252
#
# JRE version: Java(TM) SE Runtime Environment (7.0_79-b15) (build 1.7.0_79-b15)
# Java VM: Java HotSpot(TM) 64-Bit Server VM (24.79-b02 mixed mode windows-amd64 compressed oops)
# Failed to write core dump. Minidumps are not enabled by default on client versions of Windows
#

---------------  T H R E A D  ---------------

Current thread (0x0000000008618000):  JavaThread "C2 CompilerThread1" daemon [_thread_in_native, id=2252, stack(0x000000000a080000,0x000000000a180000)]

Stack: [0x000000000a080000,0x000000000a180000]
[error occurred during error reporting (printing stack bounds), id 0xc0000005]


[error occurred during error reporting (printing native stack), id 0xc0000005]


Current CompileTask:
C2:  13065  136   !         com.android.dx.rop.code.RegisterSpec::intern (70 bytes)


---------------  P R O C E S S  ---------------

Java Threads: ( => current thread )
  0x000000000a460800 JavaThread "pool-1-thread-4" [_thread_in_Java, id=11560, stack(0x000000000b010000,0x000000000b110000)]
  0x000000000a45f800 JavaThread "pool-1-thread-3" [_thread_in_vm, id=7544, stack(0x000000000ae10000,0x000000000af10000)]
  0x000000000a49f000 JavaThread "pool-1-thread-2" [_thread_in_Java, id=13372, stack(0x000000000a9b0000,0x000000000aab0000)]
  0x000000000a445800 JavaThread "pool-2-thread-1" [_thread_blocked, id=8400, stack(0x0000000009790000,0x0000000009890000)]
  0x000000000a443800 JavaThread "pool-1-thread-1" [_thread_in_Java, id=4260, stack(0x000000000ac60000,0x000000000ad60000)]
  0x0000000008619800 JavaThread "Service Thread" daemon [_thread_blocked, id=6692, stack(0x000000000a1d0000,0x000000000a2d0000)]
=>0x0000000008618000 JavaThread "C2 CompilerThread1" daemon [_thread_in_native, id=2252, stack(0x000000000a080000,0x000000000a180000)]
  0x0000000008616000 JavaThread "C2 CompilerThread0" daemon [_thread_in_native, id=11968, stack(0x0000000009f30000,0x000000000a030000)]
  0x000000000860f800 JavaThread "Attach Listener" daemon [_thread_blocked, id=3536, stack(0x0000000009dc0000,0x0000000009ec0000)]
  0x000000000860a800 JavaThread "Signal Dispatcher" daemon [_thread_blocked, id=9924, stack(0x0000000009c20000,0x0000000009d20000)]
  0x00000000085a4800 JavaThread "Finalizer" daemon [_thread_blocked, id=9272, stack(0x0000000009a80000,0x0000000009b80000)]
  0x00000000085a3800 JavaThread "Reference Handler" daemon [_thread_blocked, id=4148, stack(0x00000000098d0000,0x00000000099d0000)]
  0x00000000021fe000 JavaThread "main" [_thread_blocked, id=13804, stack(0x00000000025a0000,0x00000000026a0000)]

Other Threads:
  0x000000000859a000 VMThread [stack: 0x0000000009660000,0x0000000009760000] [id=14408]
  0x000000000861a800 WatcherThread [stack: 0x0000000009560000,0x0000000009660000] [id=15228]

VM state:not at safepoint (normal execution)

VM Mutex/Monitor currently owned by a thread: None

Heap
 PSYoungGen      total 27136K, used 20583K [0x00000000eaa80000, 0x00000000ec680000, 0x0000000100000000)
  eden space 25600K, 74% used [0x00000000eaa80000,0x00000000ebd1c648,0x00000000ec380000)
  from space 1536K, 99% used [0x00000000ec380000,0x00000000ec4fd5b8,0x00000000ec500000)
  to   space 1536K, 0% used [0x00000000ec500000,0x00000000ec500000,0x00000000ec680000)
 ParOldGen       total 31744K, used 11753K [0x00000000c0000000, 0x00000000c1f00000, 0x00000000eaa80000)
  object space 31744K, 37% used [0x00000000c0000000,0x00000000c0b7a6b8,0x00000000c1f00000)
 PSPermGen       total 21504K, used 5958K [0x00000000bae00000, 0x00000000bc300000, 0x00000000c0000000)
  object space 21504K, 27% used [0x00000000bae00000,0x00000000bb3d1a88,0x00000000bc300000)

Card table byte_map: [0x00000000056a0000,0x00000000058d0000] byte_map_base: 0x00000000050c9000

Polling page: 0x0000000000340000

Code Cache  [0x00000000026a0000, 0x0000000002910000, 0x00000000056a0000)
 total_blobs=479 nmethods=242 adapters=189 free_code_cache=48105Kb largest_free_block=49225600

Compilation events (10 events):
Event: 9.441 Thread 0x0000000008618000 nmethod 133 0x0000000002739210 code [0x0000000002739340, 0x00000000027393b8]
Event: 9.441 Thread 0x0000000008618000  135             com.android.dx.rop.code.RegisterSpec::access$600 (7 bytes)
Event: 9.443 Thread 0x0000000008618000 nmethod 135 0x0000000002738d10 code [0x0000000002738e60, 0x0000000002738fd8]
Event: 9.443 Thread 0x0000000008618000  136   !         com.android.dx.rop.code.RegisterSpec::intern (70 bytes)
Event: 9.443 Thread 0x0000000008616000 nmethod 134 0x0000000002738750 code [0x00000000027388c0, 0x0000000002738a78]
Event: 9.449 Thread 0x0000000008616000  137             com.android.dx.ssa.SsaBasicBlock::getSuccessorList (5 bytes)
Event: 9.449 Thread 0x0000000008616000 nmethod 137 0x0000000002738550 code [0x0000000002738680, 0x00000000027386d8]
Event: 9.453 Thread 0x0000000008616000  138             com.android.dx.util.BitIntSet::ensureCapacity (51 bytes)
Event: 9.454 Thread 0x0000000008616000 nmethod 138 0x0000000002738090 code [0x00000000027381e0, 0x0000000002738398]
Event: 9.454 Thread 0x0000000008616000  139             com.android.dx.util.BitIntSet::add (15 bytes)

GC Heap History (4 events):
Event: 4.951 GC heap before
{Heap before GC invocations=1 (full 0):
 PSYoungGen      total 14336K, used 12800K [0x00000000eaa80000, 0x00000000eba00000, 0x0000000100000000)
  eden space 12800K, 100% used [0x00000000eaa80000,0x00000000eb700000,0x00000000eb700000)
  from space 1536K, 0% used [0x00000000eb880000,0x00000000eb880000,0x00000000eba00000)
  to   space 1536K, 0% used [0x00000000eb700000,0x00000000eb700000,0x00000000eb880000)
 ParOldGen       total 31744K, used 0K [0x00000000c0000000, 0x00000000c1f00000, 0x00000000eaa80000)
  object space 31744K, 0% used [0x00000000c0000000,0x00000000c0000000,0x00000000c1f00000)
 PSPermGen       total 21504K, used 3286K [0x00000000bae00000, 0x00000000bc300000, 0x00000000c0000000)
  object space 21504K, 15% used [0x00000000bae00000,0x00000000bb135928,0x00000000bc300000)
Event: 4.953 GC heap after
Heap after GC invocations=1 (full 0):
 PSYoungGen      total 14336K, used 813K [0x00000000eaa80000, 0x00000000eba00000, 0x0000000100000000)
  eden space 12800K, 0% used [0x00000000eaa80000,0x00000000eaa80000,0x00000000eb700000)
  from space 1536K, 52% used [0x00000000eb700000,0x00000000eb7cb630,0x00000000eb880000)
  to   space 1536K, 0% used [0x00000000eb880000,0x00000000eb880000,0x00000000eba00000)
 ParOldGen       total 31744K, used 8K [0x00000000c0000000, 0x00000000c1f00000, 0x00000000eaa80000)
  object space 31744K, 0% used [0x00000000c0000000,0x00000000c0002000,0x00000000c1f00000)
 PSPermGen       total 21504K, used 3286K [0x00000000bae00000, 0x00000000bc300000, 0x00000000c0000000)
  object space 21504K, 15% used [0x00000000bae00000,0x00000000bb135928,0x00000000bc300000)
}
Event: 8.520 GC heap before
{Heap before GC invocations=2 (full 0):
 PSYoungGen      total 14336K, used 13613K [0x00000000eaa80000, 0x00000000eba00000, 0x0000000100000000)
  eden space 12800K, 100% used [0x00000000eaa80000,0x00000000eb700000,0x00000000eb700000)
  from space 1536K, 52% used [0x00000000eb700000,0x00000000eb7cb630,0x00000000eb880000)
  to   space 1536K, 0% used [0x00000000eb880000,0x00000000eb880000,0x00000000eba00000)
 ParOldGen       total 31744K, used 8K [0x00000000c0000000, 0x00000000c1f00000, 0x00000000eaa80000)
  object space 31744K, 0% used [0x00000000c0000000,0x00000000c0002000,0x00000000c1f00000)
 PSPermGen       total 21504K, used 5641K [0x00000000bae00000, 0x00000000bc300000, 0x00000000c0000000)
  object space 21504K, 26% used [0x00000000bae00000,0x00000000bb382718,0x00000000bc300000)
Event: 8.671 GC heap after
Heap after GC invocations=2 (full 0):
 PSYoungGen      total 14336K, used 1527K [0x00000000eaa80000, 0x00000000eba00000, 0x0000000100000000)
  eden space 12800K, 0% used [0x00000000eaa80000,0x00000000eaa80000,0x00000000eb700000)
  from space 1536K, 99% used [0x00000000eb880000,0x00000000eb9fdc78,0x00000000eba00000)
  to   space 1536K, 0% used [0x00000000eb700000,0x00000000eb700000,0x00000000eb880000)
 ParOldGen       total 31744K, used 1927K [0x00000000c0000000, 0x00000000c1f00000, 0x00000000eaa80000)
  object space 31744K, 6% used [0x00000000c0000000,0x00000000c01e1ee8,0x00000000c1f00000)
 PSPermGen       total 21504K, used 5641K [0x00000000bae00000, 0x00000000bc300000, 0x00000000c0000000)
  object space 21504K, 26% used [0x00000000bae00000,0x00000000bb382718,0x00000000bc300000)
}

Deoptimization events (2 events):
Event: 8.452 Thread 0x000000000a45f800 Uncommon trap: reason=class_check action=maybe_recompile pc=0x000000000271a934 method=com.android.dx.ssa.NormalSsaInsn.accept(Lcom/android/dx/ssa/SsaInsn$Visitor;)V @ 9
Event: 8.790 Thread 0x000000000a443800 Uncommon trap: reason=null_check action=make_not_entrant pc=0x00000000027223ac method=com.android.dx.rop.code.LocalItem.equals(Ljava/lang/Object;)Z @ 1

Internal exceptions (10 events):
Event: 8.201 Thread 0x000000000a49f000 Threw 0x00000000eb331ae8 at C:\re\jdk7u79\2331\hotspot\src\share\vm\prims\jvm.cpp:1304
Event: 8.253 Thread 0x000000000a45f800 Threw 0x00000000eb3650a0 at C:\re\jdk7u79\2331\hotspot\src\share\vm\prims\jvm.cpp:1304
Event: 8.264 Thread 0x000000000a45f800 Threw 0x00000000eb37e260 at C:\re\jdk7u79\2331\hotspot\src\share\vm\prims\jvm.cpp:1304
Event: 8.265 Thread 0x000000000a45f800 Threw 0x00000000eb3a3840 at C:\re\jdk7u79\2331\hotspot\src\share\vm\prims\jvm.cpp:1304
Event: 8.266 Thread 0x000000000a45f800 Threw 0x00000000eb3a8a78 at C:\re\jdk7u79\2331\hotspot\src\share\vm\prims\jvm.cpp:1304
Event: 8.501 Thread 0x00000000021fe000 Threw 0x00000000eb53b580 at C:\re\jdk7u79\2331\hotspot\src\share\vm\prims\jvm.cpp:1304
Event: 8.501 Thread 0x00000000021fe000 Threw 0x00000000eb53d688 at C:\re\jdk7u79\2331\hotspot\src\share\vm\prims\jvm.cpp:1304
Event: 8.503 Thread 0x000000000a443800 Threw 0x00000000eb65e948 at C:\re\jdk7u79\2331\hotspot\src\share\vm\prims\jvm.cpp:1304
Event: 8.790 Thread 0x000000000a443800 Implicit null exception at 0x0000000002722068 to 0x0000000002722399
Event: 9.330 Thread 0x000000000a460800 Threw 0x00000000eac7c480 at C:\re\jdk7u79\2331\hotspot\src\share\vm\prims\jvm.cpp:1304

Events (10 events):
Event: 8.813 Executing VM operation: RevokeBias
Event: 8.813 Executing VM operation: RevokeBias done
Event: 8.813 Executing VM operation: RevokeBias
Event: 8.813 Executing VM operation: RevokeBias done
Event: 8.813 Executing VM operation: RevokeBias
Event: 8.813 Executing VM operation: RevokeBias done
Event: 8.814 Executing VM operation: BulkRevokeBias
Event: 8.814 Executing VM operation: BulkRevokeBias done
Event: 9.330 loading class 0x000000000a567270
Event: 9.330 loading class 0x000000000a567270 done


Dynamic libraries:
0x000000013fa80000 - 0x000000013fab3000 	C:\Program Files\Java\jdk1.7.0_79\bin\java.exe
0x00000000779b0000 - 0x0000000077b58000 	C:\Windows\SYSTEM32\ntdll.dll
0x0000000077890000 - 0x00000000779af000 	C:\Windows\system32\kernel32.dll
0x000007fefdab0000 - 0x000007fefdb1c000 	C:\Windows\system32\KERNELBASE.dll
0x000007fefdd50000 - 0x000007fefde2b000 	C:\Windows\system32\ADVAPI32.dll
0x000007fefdb20000 - 0x000007fefdbbf000 	C:\Windows\system32\msvcrt.dll
0x000007feffaf0000 - 0x000007feffb0f000 	C:\Windows\SYSTEM32\sechost.dll
0x000007fefdc20000 - 0x000007fefdd4d000 	C:\Windows\system32\RPCRT4.dll
0x0000000077790000 - 0x000000007788a000 	C:\Windows\system32\USER32.dll
0x000007fefe790000 - 0x000007fefe7f7000 	C:\Windows\system32\GDI32.dll
0x000007fefdbc0000 - 0x000007fefdbce000 	C:\Windows\system32\LPK.dll
0x000007fefde30000 - 0x000007fefdef9000 	C:\Windows\system32\USP10.dll
0x000007fefc2f0000 - 0x000007fefc4e4000 	C:\Windows\WinSxS\amd64_microsoft.windows.common-controls_6595b64144ccf1df_6.0.7601.18837_none_fa3b1e3d17594757\COMCTL32.dll
0x000007fefe710000 - 0x000007fefe781000 	C:\Windows\system32\SHLWAPI.dll
0x000007fefe800000 - 0x000007fefe82e000 	C:\Windows\system32\IMM32.DLL
0x000007feffb30000 - 0x000007feffc39000 	C:\Windows\system32\MSCTF.dll
0x0000000070a60000 - 0x0000000070b32000 	C:\Program Files\Java\jdk1.7.0_79\jre\bin\msvcr100.dll
0x000000006c540000 - 0x000000006cd15000 	C:\Program Files\Java\jdk1.7.0_79\jre\bin\server\jvm.dll
0x000007fef7750000 - 0x000007fef7759000 	C:\Windows\system32\WSOCK32.dll
0x000007fefdbd0000 - 0x000007fefdc1d000 	C:\Windows\system32\WS2_32.dll
0x000007fefe450000 - 0x000007fefe458000 	C:\Windows\system32\NSI.dll
0x000007fefb310000 - 0x000007fefb34b000 	C:\Windows\system32\WINMM.dll
0x0000000077b80000 - 0x0000000077b87000 	C:\Windows\system32\PSAPI.DLL
0x0000000074370000 - 0x000000007437f000 	C:\Program Files\Java\jdk1.7.0_79\jre\bin\verify.dll
0x0000000074300000 - 0x0000000074328000 	C:\Program Files\Java\jdk1.7.0_79\jre\bin\java.dll
0x0000000074350000 - 0x0000000074365000 	C:\Program Files\Java\jdk1.7.0_79\jre\bin\zip.dll
0x0000000073f80000 - 0x0000000073f9a000 	C:\Program Files\Java\jdk1.7.0_79\jre\bin\net.dll
0x000007fefcef0000 - 0x000007fefcf45000 	C:\Windows\system32\mswsock.dll
0x000007fefcee0000 - 0x000007fefcee7000 	C:\Windows\System32\wship6.dll
0x0000000073e00000 - 0x0000000073e11000 	C:\Program Files\Java\jdk1.7.0_79\jre\bin\nio.dll

VM Arguments:
jvm_args: -Djava.awt.headless=true -Xmx1024M -Dfile.encoding=windows-1252 -Duser.country=US -Duser.language=en -Duser.variant 
java_command: com.android.dx.command.Main --dex --num-threads=4 --output C:\ASDKP\Justjava\app\build\intermediates\pre-dexed\debug\com.android.support-support-v4-23.2.1_1d4031a480d82056cebb26a833188b12615ed4cd.jar C:\ASDKP\Justjava\app\build\intermediates\exploded-aar\com.android.support\support-v4\23.2.1\jars\classes.jar
Launcher Type: SUN_STANDARD

Environment Variables:
PATH=C:\Program Files\Common Files\Microsoft Shared\Windows Live;C:\Program Files (x86)\Common Files\Microsoft Shared\Windows Live;C:\Program Files (x86)\NVIDIA Corporation\PhysX\Common;C:\Windows\system32;C:\Windows;C:\Windows\System32\Wbem;C:\Windows\System32\WindowsPowerShell\v1.0\;C:\Program Files (x86)\Windows Live\Shared
USERNAME=dell
OS=Windows_NT
PROCESSOR_IDENTIFIER=Intel64 Family 6 Model 42 Stepping 7, GenuineIntel



---------------  S Y S T E M  ---------------

OS: Windows 7 , 64 bit Build 7601 Service Pack 1

CPU:total 4 (2 cores per cpu, 2 threads per core) family 6 model 42 stepping 7, cmov, cx8, fxsr, mmx, sse, sse2, sse3, ssse3, sse4.1, sse4.2, popcnt, avx, aes, ht, tsc, tscinvbit

Memory: 4k page, physical 3050672k(74628k free), swap 6618800k(36784k free)

vm_info: Java HotSpot(TM) 64-Bit Server VM (24.79-b02) for windows-amd64 JRE (1.7.0_79-b15), built on Apr 10 2015 12:36:16 by "java_re" with unknown MS VC++:1600

time: Wed Apr 06 15:30:29 2016
elapsed time: 14 seconds

